<?xml version="1.0" encoding="UTF-8"?>
<!-- Generated by org.testng.reporters.JUnitXMLReporter -->
<testsuite ignored="0" hostname="oodle00330" failures="0" tests="3" name="Default test" time="2.587" errors="0" timestamp="2020-12-03T17:33:30 GMT">
  <testcase classname="RestAssuredAPITesting.RestAssuredAPITesting.AllGetRequests" name="getAllUsersList" time="2.326"/>
  <testcase classname="RestAssuredAPITesting.RestAssuredAPITesting.AllGetRequests" name="getSingleUser" time="0.116"/>
  <testcase classname="RestAssuredAPITesting.RestAssuredAPITesting.AllGetRequests" name="singleUserNotFound" time="0.096"/>
</testsuite> <!-- Default test -->
