<?xml version="1.0" encoding="UTF-8"?>
<testng-results ignored="0" total="3" passed="3" failed="0" skipped="0">
  <reporter-output>
  </reporter-output>
  <suite started-at="2020-12-03T17:33:28 GMT" name="Default suite" finished-at="2020-12-03T17:33:30 GMT" duration-ms="2587">
    <groups>
    </groups>
    <test started-at="2020-12-03T17:33:28 GMT" name="Default test" finished-at="2020-12-03T17:33:30 GMT" duration-ms="2587">
      <class name="RestAssuredAPITesting.RestAssuredAPITesting.AllGetRequests">
        <test-method signature="getAllUsersList()[pri:0, instance:RestAssuredAPITesting.RestAssuredAPITesting.AllGetRequests@4d910fd6]" started-at="2020-12-03T17:33:28 GMT" name="getAllUsersList" finished-at="2020-12-03T17:33:30 GMT" duration-ms="2326" status="PASS">
          <reporter-output>
          </reporter-output>
        </test-method> <!-- getAllUsersList -->
        <test-method signature="getSingleUser()[pri:0, instance:RestAssuredAPITesting.RestAssuredAPITesting.AllGetRequests@4d910fd6]" started-at="2020-12-03T17:33:30 GMT" name="getSingleUser" finished-at="2020-12-03T17:33:30 GMT" duration-ms="116" status="PASS">
          <reporter-output>
          </reporter-output>
        </test-method> <!-- getSingleUser -->
        <test-method signature="singleUserNotFound()[pri:0, instance:RestAssuredAPITesting.RestAssuredAPITesting.AllGetRequests@4d910fd6]" started-at="2020-12-03T17:33:30 GMT" name="singleUserNotFound" finished-at="2020-12-03T17:33:30 GMT" duration-ms="96" status="PASS">
          <reporter-output>
          </reporter-output>
        </test-method> <!-- singleUserNotFound -->
      </class> <!-- RestAssuredAPITesting.RestAssuredAPITesting.AllGetRequests -->
    </test> <!-- Default test -->
  </suite> <!-- Default suite -->
</testng-results>
